>>> GRU.do(save_path=cfg.model_save_path, output_log=False)
epoch1 [train]: 100%|██████████████████████████████████████████████████████████████████| 329/329 [00:56<00:00,  5.87it/s, loss=3.58, lr=0.1]
epoch2 [train]: 100%|█████████████████████████████████████████████████████████████████| 329/329 [00:56<00:00,  5.80it/s, loss=2.35, lr=0.09]
epoch3 [train]: 100%|████████████████████████████████████████████████████████████████| 329/329 [00:55<00:00,  5.90it/s, loss=2.11, lr=0.081]
epoch4 [train]: 100%|███████████████████████████████████████████████████████████████| 329/329 [00:57<00:00,  5.72it/s, loss=1.99, lr=0.0729]
epoch5 [train]: 100%|███████████████████████████████████████████████████████████████| 329/329 [00:57<00:00,  5.76it/s, loss=1.91, lr=0.0656]
       [valid]: 100%|███████████████████████████████████████████████████████████████████████████████████| 4672/4672 [00:54<00:00, 86.36it/s]
BLEU SCORE: 0.8382
epoch6 [train]: 100%|████████████████████████████████████████████████████████████████| 329/329 [00:57<00:00,  5.73it/s, loss=1.86, lr=0.059]
epoch7 [train]: 100%|███████████████████████████████████████████████████████████████| 329/329 [00:57<00:00,  5.76it/s, loss=1.81, lr=0.0531]
epoch8 [train]: 100%|███████████████████████████████████████████████████████████████| 329/329 [00:55<00:00,  5.88it/s, loss=1.78, lr=0.0478]
epoch9 [train]: 100%|████████████████████████████████████████████████████████████████| 329/329 [00:54<00:00,  5.98it/s, loss=1.76, lr=0.043]
epoch10 [train]: 100%|██████████████████████████████████████████████████████████████| 329/329 [00:56<00:00,  5.84it/s, loss=1.74, lr=0.0387]
        [valid]: 100%|██████████████████████████████████████████████████████████████████████████████████| 4672/4672 [01:00<00:00, 77.10it/s]
BLEU SCORE: 0.8876
epoch11 [train]: 100%|██████████████████████████████████████████████████████████████| 329/329 [00:55<00:00,  5.98it/s, loss=1.72, lr=0.0349]
epoch12 [train]: 100%|██████████████████████████████████████████████████████████████| 329/329 [00:55<00:00,  5.93it/s, loss=1.71, lr=0.0314]
epoch13 [train]: 100%|██████████████████████████████████████████████████████████████| 329/329 [00:55<00:00,  5.88it/s, loss=1.69, lr=0.0282]
epoch14 [train]: 100%|██████████████████████████████████████████████████████████████| 329/329 [00:53<00:00,  6.16it/s, loss=1.68, lr=0.0254]
epoch15 [train]: 100%|██████████████████████████████████████████████████████████████| 329/329 [00:56<00:00,  5.87it/s, loss=1.67, lr=0.0229]
        [valid]: 100%|██████████████████████████████████████████████████████████████████████████████████| 4672/4672 [01:04<00:00, 72.20it/s]
BLEU SCORE: 0.8836
epoch16 [train]: 100%|██████████████████████████████████████████████████████████████| 329/329 [00:56<00:00,  5.78it/s, loss=1.67, lr=0.0206]
epoch17 [train]: 100%|██████████████████████████████████████████████████████████████| 329/329 [00:55<00:00,  5.88it/s, loss=1.66, lr=0.0185]
epoch18 [train]: 100%|██████████████████████████████████████████████████████████████| 329/329 [00:55<00:00,  5.88it/s, loss=1.65, lr=0.0167]
epoch19 [train]: 100%|███████████████████████████████████████████████████████████████| 329/329 [00:55<00:00,  5.93it/s, loss=1.65, lr=0.015]
epoch20 [train]: 100%|██████████████████████████████████████████████████████████████| 329/329 [00:55<00:00,  5.90it/s, loss=1.64, lr=0.0135]
        [valid]: 100%|██████████████████████████████████████████████████████████████████████████████████| 4672/4672 [01:05<00:00, 71.36it/s]
BLEU SCORE: 0.8835
epoch21 [train]: 100%|██████████████████████████████████████████████████████████████| 329/329 [00:54<00:00,  6.08it/s, loss=1.64, lr=0.0122]
epoch22 [train]: 100%|██████████████████████████████████████████████████████████████| 329/329 [00:55<00:00,  5.90it/s, loss=1.63, lr=0.0109]
epoch23 [train]: 100%|█████████████████████████████████████████████████████████████| 329/329 [00:55<00:00,  5.92it/s, loss=1.63, lr=0.00985]
epoch24 [train]: 100%|█████████████████████████████████████████████████████████████| 329/329 [00:55<00:00,  5.93it/s, loss=1.63, lr=0.00886]
epoch25 [train]: 100%|█████████████████████████████████████████████████████████████| 329/329 [00:55<00:00,  5.95it/s, loss=1.63, lr=0.00798]
        [valid]: 100%|██████████████████████████████████████████████████████████████████████████████████| 4672/4672 [01:07<00:00, 69.43it/s]
BLEU SCORE: 0.8922
epoch26 [train]: 100%|█████████████████████████████████████████████████████████████| 329/329 [00:53<00:00,  6.12it/s, loss=1.62, lr=0.00718]
epoch27 [train]: 100%|█████████████████████████████████████████████████████████████| 329/329 [00:54<00:00,  6.08it/s, loss=1.62, lr=0.00646]
epoch28 [train]: 100%|█████████████████████████████████████████████████████████████| 329/329 [00:55<00:00,  5.91it/s, loss=1.62, lr=0.00581]
epoch29 [train]: 100%|█████████████████████████████████████████████████████████████| 329/329 [00:54<00:00,  5.98it/s, loss=1.62, lr=0.00523]
epoch30 [train]: 100%|█████████████████████████████████████████████████████████████| 329/329 [00:55<00:00,  5.95it/s, loss=1.62, lr=0.00471]
        [valid]: 100%|██████████████████████████████████████████████████████████████████████████████████| 4672/4672 [01:04<00:00, 72.30it/s]
BLEU SCORE: 0.8782
train success!